<?xml version="1.0" encoding="UTF-8"?>
<testng-results ignored="0" total="1" passed="1" failed="0" skipped="0">
  <reporter-output>
  </reporter-output>
  <suite started-at="2022-02-04T20:41:22Z" name="Default suite" finished-at="2022-02-04T20:41:44Z" duration-ms="22003">
    <groups>
    </groups>
    <test started-at="2022-02-04T20:41:22Z" name="Default test" finished-at="2022-02-04T20:41:44Z" duration-ms="22003">
      <class name="seleniumTests.AlertDemo">
        <test-method is-config="true" signature="common()[pri:0, instance:seleniumTests.AlertDemo@1ca3b418]" started-at="2022-02-04T20:41:22Z" name="common" finished-at="2022-02-04T20:41:27Z" duration-ms="4550" status="PASS">
          <reporter-output>
          </reporter-output>
        </test-method> <!-- common -->
        <test-method signature="alertDemo()[pri:0, instance:seleniumTests.AlertDemo@1ca3b418]" started-at="2022-02-04T20:41:27Z" name="alertDemo" finished-at="2022-02-04T20:41:44Z" duration-ms="16965" status="PASS">
          <reporter-output>
          </reporter-output>
        </test-method> <!-- alertDemo -->
        <test-method is-config="true" signature="closeBrowser()[pri:0, instance:seleniumTests.AlertDemo@1ca3b418]" started-at="2022-02-04T20:41:44Z" name="closeBrowser" finished-at="2022-02-04T20:41:44Z" duration-ms="455" status="PASS">
          <reporter-output>
          </reporter-output>
        </test-method> <!-- closeBrowser -->
      </class> <!-- seleniumTests.AlertDemo -->
    </test> <!-- Default test -->
  </suite> <!-- Default suite -->
</testng-results>
