<?xml version="1.0" encoding="UTF-8"?>
<!-- Generated by org.testng.reporters.JUnitXMLReporter -->
<testsuite ignored="0" hostname="LAPTOP-PJB33SAK" failures="0" tests="5" name="Madhu test" time="26.247" errors="0" timestamp="01 Feb 2022 18:54:01 GMT">
  <testcase classname="seleniumTests.FirstSeleniumTest" name="gmail" time="5.075"/>
  <testcase classname="seleniumTests.FirstSeleniumTest" name="google" time="5.005"/>
  <testcase classname="seleniumTests.FirstSeleniumTest" name="linkedin" time="4.756"/>
  <testcase classname="seleniumTests.FirstSeleniumTest" name="twitter" time="5.719"/>
  <testcase classname="seleniumTests.FirstSeleniumTest" name="facee" time="5.65"/>
</testsuite> <!-- Madhu test -->
